<?xml version="1.0" encoding="UTF-8"?>
<!-- Generated by org.testng.reporters.JUnitReportReporter -->
<testsuite hostname="DESKTOP-GCSIR5M" failures="0" tests="1" name="com.example.demo.PDFbox.ReadPDF" time="0.500" errors="0" timestamp="2022-09-01T12:37:07 IST" skipped="0">
  <testcase classname="com.example.demo.PDFbox.ReadPDF" name="readPDFfile" time="0.500"/>
  <system-out/>
</testsuite> <!-- com.example.demo.PDFbox.ReadPDF -->
